==================================[MINISAT]===================================
| Conflicts |     ORIGINAL     |              LEARNT              | Progress |
|           | Clauses Literals |   Limit Clauses Literals  Lit/Cl |          |
==============================================================================
|         0 |     168      504 |      56       0        0     NaN | 0.000 %% |
|       101 |     168      504 |      61      67      984    14.7 | 0.051 %% |
|       251 |     168      504 |      67      76      934    12.3 | 0.051 %% |
|       476 |     168      504 |      74      69      506     7.3 | 0.051 %% |
==============================================================================
UNSATISFIABLE
restarts              :            4
conflicts             :          788   (11347.0 /sec)
decisions             :         1123   (16170.9 /sec)
propagations          :        18374   (264580.8 /sec)
conflict literals     :         7859   (15.46 %% deleted)
Memory used           : 0.61 MB
CPU time              : 0.069 s


==================================[MINISAT]===================================
| Conflicts |     ORIGINAL     |              LEARNT              | Progress |
|           | Clauses Literals |   Limit Clauses Literals  Lit/Cl |          |
==============================================================================
|         0 |     612     1508 |     204       0        0     NaN | 0.000 %% |
==============================================================================
SATISFIABLE
restarts              :            1
conflicts             :           58   (892.5 /sec)
decisions             :          109   (1677.4 /sec)
propagations          :         1429   (21990.4 /sec)
conflict literals     :          219   (12.05 %% deleted)
Memory used           : 1.12 MB
CPU time              : 0.065 s
